

Microchip Technology PIC18 LITE Macro Assembler V1.42 build -159332390 
                                                                                               Thu Jul 20 01:09:10 2017

Microchip Technology Omniscient Code Generator v1.42 (Free mode) build 201704130522
     1                           	processor	18F4550
     2                           	fnconf	rparam,??,?,0
     3                           	opt	pw 120
     4                           	opt	lm
     5                           	psect	cinit,global,reloc=2,class=CODE,delta=1
     6                           	psect	bssCOMRAM,global,class=COMRAM,space=1,delta=1,noexec
     7                           	psect	cstackCOMRAM,global,class=COMRAM,space=1,delta=1,noexec
     8                           	psect	text0,global,reloc=2,class=CODE,delta=1
     9                           	psect	text1,global,reloc=2,class=CODE,delta=1
    10                           	psect	intcode,global,reloc=2,class=CODE,delta=1
    11                           	psect	intcode_body,global,reloc=2,class=CODE,delta=1
    12                           	psect	text3,global,reloc=2,class=CODE,delta=1
    13                           	psect	intsave_regs,global,class=BIGRAM,space=1,delta=1,noexec
    14                           	psect	rparam,global,class=COMRAM,space=1,delta=1,noexec
    15                           	psect	temp,global,ovrld,common,class=COMRAM,space=1,delta=1
    16  0000                     
    17                           ; Version 1.42
    18                           ; Generated 13/04/2017 GMT
    19                           ; 
    20                           ; Copyright © 2017, Microchip Technology Inc. and its subsidiaries ("Microchip")
    21                           ; All rights reserved.
    22                           ; 
    23                           ; This software is developed by Microchip Technology Inc. and its subsidiaries ("Microch
      +                          ip").
    24                           ; 
    25                           ; Redistribution and use in source and binary forms, with or without modification, are
    26                           ; permitted provided that the following conditions are met:
    27                           ; 
    28                           ;     1. Redistributions of source code must retain the above copyright notice, this lis
      +                          t of
    29                           ;        conditions and the following disclaimer.
    30                           ; 
    31                           ;     2. Redistributions in binary form must reproduce the above copyright notice, this 
      +                          list
    32                           ;        of conditions and the following disclaimer in the documentation and/or other
    33                           ;        materials provided with the distribution.
    34                           ; 
    35                           ;     3. Microchip's name may not be used to endorse or promote products derived from th
      +                          is
    36                           ;        software without specific prior written permission.
    37                           ; 
    38                           ; THIS SOFTWARE IS PROVIDED BY MICROCHIP "AS IS" AND ANY EXPRESS OR IMPLIED WARRANTIES,
    39                           ; INCLUDING, BUT NOT LIMITED TO, THE IMPLIED WARRANTIES OF MERCHANTABILITY AND FITNESS F
      +                          OR
    40                           ; PURPOSE ARE DISCLAIMED.  IN NO EVENT SHALL MICROCHIP BE LIABLE FOR ANY DIRECT, INDIREC
      +                          T,
    41                           ; INCIDENTAL, SPECIAL, EXEMPLARY, OR CONSEQUENTIAL DAMAGES (INCLUDING BUT NOT LIMITED TO
    42                           ; PROCUREMENT OF SUBSTITUTE GOODS OR SERVICES; LOSS OF USE, DATA OR PROFITS; OR BUSINESS
    43                           ; INTERRUPTION) HOWSOEVER CAUSED AND ON ANY THEORY OF LIABILITY, WHETHER IN CONTRACT, ST
      +                          RICT
    44                           ; LIABILITY, OR TORT (INCLUDING NEGLIGENCE OR OTHERWISE) ARISING IN ANY WAY OUT OF THE U
      +                          SE OF
    45                           ; THIS SOFTWARE, EVEN IF ADVISED OF THE POSSIBILITY OF SUCH DAMAGE.
    46                           ; 
    47                           ; 
    48                           ; Code-generator required, PIC18F4550 Definitions
    49                           ; 
    50                           ; SFR Addresses
    51  0000                     _INTCONbits	set	4082
    52  0000                     _ADCON1	set	4033
    53  0000                     _TMR0L	set	4054
    54  0000                     _TRISD7	set	31919
    55  0000                     _RD7	set	31775
    56  0000                     _TMR0IF	set	32658
    57  0000                     _T0PS0	set	32424
    58  0000                     _T0PS1	set	32425
    59  0000                     _T0PS2	set	32426
    60  0000                     _PSA	set	32427
    61  0000                     _T0CS	set	32429
    62  0000                     _T08BIT	set	32430
    63  0000                     _TMR0ON	set	32431
    64  0000                     _TMR0IP	set	32650
    65  0000                     _TMR0IE	set	32661
    66                           
    67                           ; #config settings
    68  0000                     
    69                           	psect	cinit
    70  0000E2                     __pcinit:
    71                           	opt stack 0
    72  0000E2                     start_initialization:
    73                           	opt stack 0
    74  0000E2                     __initialization:
    75                           	opt stack 0
    76                           
    77                           ; Clear objects allocated to COMRAM (2 bytes)
    78  0000E2  6A10               	clrf	(__pbssCOMRAM+1)& (0+255),c
    79  0000E4  6A0F               	clrf	__pbssCOMRAM& (0+255),c
    80  0000E6                     end_of_initialization:
    81                           	opt stack 0
    82  0000E6                     __end_of__initialization:
    83                           	opt stack 0
    84  0000E6  9011               	bcf	int$flags,0,c	;clear compiler interrupt flag (level 1)
    85  0000E8  9211               	bcf	int$flags,1,c	;clear compiler interrupt flag (level 2)
    86  0000EA  0100               	movlb	0
    87  0000EC  EF69  F000         	goto	_main	;jump to C main() function
    88                           
    89                           	psect	bssCOMRAM
    90  00000F                     __pbssCOMRAM:
    91                           	opt stack 0
    92  00000F                     _timer0Counter:
    93                           	opt stack 0
    94  00000F                     	ds	2
    95                           
    96                           	psect	cstackCOMRAM
    97  000001                     __pcstackCOMRAM:
    98                           	opt stack 0
    99  000001                     ??_LowInterrupt:
   100                           
   101                           ; 1 bytes @ 0x0
   102  000001                     	ds	14
   103  00000F                     
   104                           ; 1 bytes @ 0xE
   105 ;;
   106 ;;Main: autosize = 0, tempsize = 0, incstack = 0, save=0
   107 ;;
   108 ;; *************** function _main *****************
   109 ;; Defined at:
   110 ;;		line 13 in file "main.c"
   111 ;; Parameters:    Size  Location     Type
   112 ;;		None
   113 ;; Auto vars:     Size  Location     Type
   114 ;;		None
   115 ;; Return value:  Size  Location     Type
   116 ;;                  1    wreg      void 
   117 ;; Registers used:
   118 ;;		wreg, status,2, cstack
   119 ;; Tracked objects:
   120 ;;		On entry : 0/0
   121 ;;		On exit  : 0/0
   122 ;;		Unchanged: 0/0
   123 ;; Data sizes:     COMRAM   BANK0   BANK1   BANK2   BANK3   BANK4   BANK5   BANK6   BANK7
   124 ;;      Params:         0       0       0       0       0       0       0       0       0
   125 ;;      Locals:         0       0       0       0       0       0       0       0       0
   126 ;;      Temps:          0       0       0       0       0       0       0       0       0
   127 ;;      Totals:         0       0       0       0       0       0       0       0       0
   128 ;;Total ram usage:        0 bytes
   129 ;; Hardware stack levels required when called:    3
   130 ;; This function calls:
   131 ;;		_configTMR0
   132 ;; This function is called by:
   133 ;;		Startup code after reset
   134 ;; This function uses a non-reentrant model
   135 ;;
   136                           
   137                           	psect	text0
   138  0000D2                     __ptext0:
   139                           	opt stack 0
   140  0000D2                     _main:
   141                           	opt stack 28
   142                           
   143                           ;main.c: 16: configTMR0();
   144                           
   145                           ;incstack = 0
   146  0000D2  EC5C  F000         	call	_configTMR0	;wreg free
   147                           
   148                           ;main.c: 19: ADCON1 = 0x0F;
   149  0000D6  0E0F               	movlw	15
   150  0000D8  6EC1               	movwf	4033,c	;volatile
   151                           
   152                           ;main.c: 21: TRISD7 = 0;
   153  0000DA  9E95               	bcf	3989,7,c	;volatile
   154                           
   155                           ;main.c: 22: RD7 = 0;
   156  0000DC  9E83               	bcf	3971,7,c	;volatile
   157                           
   158                           ;main.c: 26: INTCONbits.GIE = 1;
   159  0000DE  8EF2               	bsf	intcon,7,c	;volatile
   160  0000E0                     l51:
   161  0000E0  D7FF               	goto	l51
   162  0000E2                     __end_of_main:
   163                           	opt stack 0
   164                           intcon	equ	0xFF2
   165                           
   166 ;; *************** function _configTMR0 *****************
   167 ;; Defined at:
   168 ;;		line 12 in file "Timer0.c"
   169 ;; Parameters:    Size  Location     Type
   170 ;;		None
   171 ;; Auto vars:     Size  Location     Type
   172 ;;		None
   173 ;; Return value:  Size  Location     Type
   174 ;;                  1    wreg      void 
   175 ;; Registers used:
   176 ;;		wreg, status,2
   177 ;; Tracked objects:
   178 ;;		On entry : 0/0
   179 ;;		On exit  : 0/0
   180 ;;		Unchanged: 0/0
   181 ;; Data sizes:     COMRAM   BANK0   BANK1   BANK2   BANK3   BANK4   BANK5   BANK6   BANK7
   182 ;;      Params:         0       0       0       0       0       0       0       0       0
   183 ;;      Locals:         0       0       0       0       0       0       0       0       0
   184 ;;      Temps:          0       0       0       0       0       0       0       0       0
   185 ;;      Totals:         0       0       0       0       0       0       0       0       0
   186 ;;Total ram usage:        0 bytes
   187 ;; Hardware stack levels used:    1
   188 ;; Hardware stack levels required when called:    2
   189 ;; This function calls:
   190 ;;		Nothing
   191 ;; This function is called by:
   192 ;;		_main
   193 ;; This function uses a non-reentrant model
   194 ;;
   195                           
   196                           	psect	text1
   197  0000B8                     __ptext1:
   198                           	opt stack 0
   199  0000B8                     _configTMR0:
   200                           	opt stack 28
   201                           
   202                           ;Timer0.c: 15: TMR0IE = 1;
   203                           
   204                           ;incstack = 0
   205  0000B8  8AF2               	bsf	intcon,5,c	;volatile
   206                           
   207                           ;Timer0.c: 18: TMR0IP = 0;
   208  0000BA  94F1               	bcf	intcon2,2,c	;volatile
   209                           
   210                           ;Timer0.c: 21: TMR0ON = 0;
   211  0000BC  9ED5               	bcf	4053,7,c	;volatile
   212                           
   213                           ;Timer0.c: 22: T08BIT = 1;
   214  0000BE  8CD5               	bsf	4053,6,c	;volatile
   215                           
   216                           ;Timer0.c: 23: T0CS = 0;
   217  0000C0  9AD5               	bcf	4053,5,c	;volatile
   218                           
   219                           ;Timer0.c: 24: PSA = 0;
   220  0000C2  96D5               	bcf	4053,3,c	;volatile
   221                           
   222                           ;Timer0.c: 25: T0PS2 = 1;
   223  0000C4  84D5               	bsf	4053,2,c	;volatile
   224                           
   225                           ;Timer0.c: 26: T0PS1 = 1;
   226  0000C6  82D5               	bsf	4053,1,c	;volatile
   227                           
   228                           ;Timer0.c: 27: T0PS0 = 1;
   229  0000C8  80D5               	bsf	4053,0,c	;volatile
   230                           
   231                           ;Timer0.c: 28: TMR0L = 16;
   232  0000CA  0E10               	movlw	16
   233  0000CC  6ED6               	movwf	4054,c	;volatile
   234                           
   235                           ;Timer0.c: 29: TMR0ON = 1;
   236  0000CE  8ED5               	bsf	4053,7,c	;volatile
   237  0000D0  0012               	return		;funcret
   238  0000D2                     __end_of_configTMR0:
   239                           	opt stack 0
   240                           intcon	equ	0xFF2
   241                           intcon2	equ	0xFF1
   242                           
   243 ;; *************** function _LowInterrupt *****************
   244 ;; Defined at:
   245 ;;		line 33 in file "main.c"
   246 ;; Parameters:    Size  Location     Type
   247 ;;		None
   248 ;; Auto vars:     Size  Location     Type
   249 ;;		None
   250 ;; Return value:  Size  Location     Type
   251 ;;                  1    wreg      void 
   252 ;; Registers used:
   253 ;;		wreg, status,2, status,0, cstack
   254 ;; Tracked objects:
   255 ;;		On entry : 0/0
   256 ;;		On exit  : 0/0
   257 ;;		Unchanged: 0/0
   258 ;; Data sizes:     COMRAM   BANK0   BANK1   BANK2   BANK3   BANK4   BANK5   BANK6   BANK7
   259 ;;      Params:         0       0       0       0       0       0       0       0       0
   260 ;;      Locals:         0       0       0       0       0       0       0       0       0
   261 ;;      Temps:         14       0       0       0       0       0       0       0       0
   262 ;;      Totals:        14       0       0       0       0       0       0       0       0
   263 ;;Total ram usage:       14 bytes
   264 ;; Hardware stack levels used:    1
   265 ;; Hardware stack levels required when called:    1
   266 ;; This function calls:
   267 ;;		_timer0Interrupt
   268 ;; This function is called by:
   269 ;;		Interrupt level 2
   270 ;; This function uses a non-reentrant model
   271 ;;
   272                           
   273                           	psect	intcode
   274  000008                     __pintcode:
   275                           	opt stack 0
   276  000008                     _LowInterrupt:
   277                           	opt stack 28
   278                           
   279                           ;incstack = 0
   280  000008  8211               	bsf	btemp,1,c	;set compiler interrupt flag (level 2)
   281  00000A  ED09  F000         	call	int_func,f	;refresh shadow registers
   282                           intcon	equ	0xFF2
   283                           intcon2	equ	0xFF1
   284                           
   285                           	psect	intcode_body
   286  000012                     __pintcode_body:
   287                           	opt stack 28
   288  000012                     int_func:
   289                           	opt stack 28
   290  000012  0006               	pop		; remove dummy address from shadow register refresh
   291  000014  CFFA F001          	movff	pclath,??_LowInterrupt
   292  000018  CFFB F002          	movff	pclatu,??_LowInterrupt+1
   293  00001C  CFE9 F003          	movff	fsr0l,??_LowInterrupt+2
   294  000020  CFEA F004          	movff	fsr0h,??_LowInterrupt+3
   295  000024  CFE1 F005          	movff	fsr1l,??_LowInterrupt+4
   296  000028  CFE2 F006          	movff	fsr1h,??_LowInterrupt+5
   297  00002C  CFD9 F007          	movff	fsr2l,??_LowInterrupt+6
   298  000030  CFDA F008          	movff	fsr2h,??_LowInterrupt+7
   299  000034  CFF3 F009          	movff	prodl,??_LowInterrupt+8
   300  000038  CFF4 F00A          	movff	prodh,??_LowInterrupt+9
   301  00003C  CFF6 F00B          	movff	tblptrl,??_LowInterrupt+10
   302  000040  CFF7 F00C          	movff	tblptrh,??_LowInterrupt+11
   303  000044  CFF8 F00D          	movff	tblptru,??_LowInterrupt+12
   304  000048  CFF5 F00E          	movff	tablat,??_LowInterrupt+13
   305                           
   306                           ;main.c: 35: timer0Interrupt();
   307  00004C  EC46  F000         	call	_timer0Interrupt	;wreg free
   308  000050  C00E  FFF5         	movff	??_LowInterrupt+13,tablat
   309  000054  C00D  FFF8         	movff	??_LowInterrupt+12,tblptru
   310  000058  C00C  FFF7         	movff	??_LowInterrupt+11,tblptrh
   311  00005C  C00B  FFF6         	movff	??_LowInterrupt+10,tblptrl
   312  000060  C00A  FFF4         	movff	??_LowInterrupt+9,prodh
   313  000064  C009  FFF3         	movff	??_LowInterrupt+8,prodl
   314  000068  C008  FFDA         	movff	??_LowInterrupt+7,fsr2h
   315  00006C  C007  FFD9         	movff	??_LowInterrupt+6,fsr2l
   316  000070  C006  FFE2         	movff	??_LowInterrupt+5,fsr1h
   317  000074  C005  FFE1         	movff	??_LowInterrupt+4,fsr1l
   318  000078  C004  FFEA         	movff	??_LowInterrupt+3,fsr0h
   319  00007C  C003  FFE9         	movff	??_LowInterrupt+2,fsr0l
   320  000080  C002  FFFB         	movff	??_LowInterrupt+1,pclatu
   321  000084  C001  FFFA         	movff	??_LowInterrupt,pclath
   322  000088  9211               	bcf	btemp,1,c	;clear compiler interrupt flag (level 2)
   323  00008A  0011               	retfie		f
   324  00008C                     __end_of_LowInterrupt:
   325                           	opt stack 0
   326                           pclatu	equ	0xFFB
   327                           pclath	equ	0xFFA
   328                           tblptru	equ	0xFF8
   329                           tblptrh	equ	0xFF7
   330                           tblptrl	equ	0xFF6
   331                           tablat	equ	0xFF5
   332                           prodh	equ	0xFF4
   333                           prodl	equ	0xFF3
   334                           intcon	equ	0xFF2
   335                           intcon2	equ	0xFF1
   336                           fsr0h	equ	0xFEA
   337                           fsr0l	equ	0xFE9
   338                           fsr1h	equ	0xFE2
   339                           fsr1l	equ	0xFE1
   340                           fsr2h	equ	0xFDA
   341                           fsr2l	equ	0xFD9
   342                           
   343 ;; *************** function _timer0Interrupt *****************
   344 ;; Defined at:
   345 ;;		line 34 in file "Timer0.c"
   346 ;; Parameters:    Size  Location     Type
   347 ;;		None
   348 ;; Auto vars:     Size  Location     Type
   349 ;;		None
   350 ;; Return value:  Size  Location     Type
   351 ;;                  1    wreg      void 
   352 ;; Registers used:
   353 ;;		wreg, status,2, status,0
   354 ;; Tracked objects:
   355 ;;		On entry : 0/0
   356 ;;		On exit  : 0/0
   357 ;;		Unchanged: 0/0
   358 ;; Data sizes:     COMRAM   BANK0   BANK1   BANK2   BANK3   BANK4   BANK5   BANK6   BANK7
   359 ;;      Params:         0       0       0       0       0       0       0       0       0
   360 ;;      Locals:         0       0       0       0       0       0       0       0       0
   361 ;;      Temps:          0       0       0       0       0       0       0       0       0
   362 ;;      Totals:         0       0       0       0       0       0       0       0       0
   363 ;;Total ram usage:        0 bytes
   364 ;; Hardware stack levels used:    1
   365 ;; This function calls:
   366 ;;		Nothing
   367 ;; This function is called by:
   368 ;;		_LowInterrupt
   369 ;; This function uses a non-reentrant model
   370 ;;
   371                           
   372                           	psect	text3
   373  00008C                     __ptext3:
   374                           	opt stack 0
   375  00008C                     _timer0Interrupt:
   376                           	opt stack 28
   377                           
   378                           ;Timer0.c: 35: if(TMR0IF){
   379                           
   380                           ;incstack = 0
   381  00008C  A4F2               	btfss	intcon,2,c	;volatile
   382  00008E  0012               	return	
   383                           
   384                           ;Timer0.c: 38: if(timer0Counter == 13){
   385  000090  0E0D               	movlw	13
   386  000092  180F               	xorwf	_timer0Counter,w,c
   387  000094  1010               	iorwf	_timer0Counter+1,w,c
   388  000096  A4D8               	btfss	status,2,c
   389  000098  D009               	goto	i2l33
   390                           
   391                           ;Timer0.c: 39: timer0Counter = 0;
   392  00009A  0E00               	movlw	0
   393  00009C  6E10               	movwf	_timer0Counter+1,c
   394  00009E  0E00               	movlw	0
   395  0000A0  6E0F               	movwf	_timer0Counter,c
   396                           
   397                           ;Timer0.c: 42: RD7 = ~RD7;
   398  0000A2  BE83               	btfsc	3971,7,c	;volatile
   399  0000A4  D002               	goto	i2u3_40
   400  0000A6  8E83               	bsf	3971,7,c	;volatile
   401  0000A8  D001               	goto	i2l33
   402  0000AA                     i2u3_40:
   403  0000AA  9E83               	bcf	3971,7,c	;volatile
   404  0000AC                     i2l33:
   405                           
   406                           ;Timer0.c: 43: }
   407                           ;Timer0.c: 45: TMR0L = 16;
   408  0000AC  0E10               	movlw	16
   409  0000AE  6ED6               	movwf	4054,c	;volatile
   410                           
   411                           ;Timer0.c: 46: TMR0IF = 0;
   412  0000B0  94F2               	bcf	intcon,2,c	;volatile
   413                           
   414                           ;Timer0.c: 47: timer0Counter++;
   415  0000B2  4A0F               	infsnz	_timer0Counter,f,c
   416  0000B4  2A10               	incf	_timer0Counter+1,f,c
   417  0000B6  0012               	return	
   418  0000B8                     __end_of_timer0Interrupt:
   419                           	opt stack 0
   420  0000                     pclatu	equ	0xFFB
   421                           pclath	equ	0xFFA
   422                           tblptru	equ	0xFF8
   423                           tblptrh	equ	0xFF7
   424                           tblptrl	equ	0xFF6
   425                           tablat	equ	0xFF5
   426                           prodh	equ	0xFF4
   427                           prodl	equ	0xFF3
   428                           intcon	equ	0xFF2
   429                           intcon2	equ	0xFF1
   430                           fsr0h	equ	0xFEA
   431                           fsr0l	equ	0xFE9
   432                           fsr1h	equ	0xFE2
   433                           fsr1l	equ	0xFE1
   434                           fsr2h	equ	0xFDA
   435                           fsr2l	equ	0xFD9
   436                           status	equ	0xFD8
   437                           pclatu	equ	0xFFB
   438                           pclath	equ	0xFFA
   439                           tblptru	equ	0xFF8
   440                           tblptrh	equ	0xFF7
   441                           tblptrl	equ	0xFF6
   442                           tablat	equ	0xFF5
   443                           prodh	equ	0xFF4
   444                           prodl	equ	0xFF3
   445                           intcon	equ	0xFF2
   446                           intcon2	equ	0xFF1
   447                           fsr0h	equ	0xFEA
   448                           fsr0l	equ	0xFE9
   449                           fsr1h	equ	0xFE2
   450                           fsr1l	equ	0xFE1
   451                           fsr2h	equ	0xFDA
   452                           fsr2l	equ	0xFD9
   453                           status	equ	0xFD8
   454                           
   455                           	psect	rparam
   456  0000                     pclatu	equ	0xFFB
   457                           pclath	equ	0xFFA
   458                           tblptru	equ	0xFF8
   459                           tblptrh	equ	0xFF7
   460                           tblptrl	equ	0xFF6
   461                           tablat	equ	0xFF5
   462                           prodh	equ	0xFF4
   463                           prodl	equ	0xFF3
   464                           intcon	equ	0xFF2
   465                           intcon2	equ	0xFF1
   466                           fsr0h	equ	0xFEA
   467                           fsr0l	equ	0xFE9
   468                           fsr1h	equ	0xFE2
   469                           fsr1l	equ	0xFE1
   470                           fsr2h	equ	0xFDA
   471                           fsr2l	equ	0xFD9
   472                           status	equ	0xFD8
   473                           
   474                           	psect	temp
   475  000011                     btemp:
   476                           	opt stack 0
   477  000011                     	ds	1
   478  0000                     int$flags	set	btemp
   479                           pclatu	equ	0xFFB
   480                           pclath	equ	0xFFA
   481                           tblptru	equ	0xFF8
   482                           tblptrh	equ	0xFF7
   483                           tblptrl	equ	0xFF6
   484                           tablat	equ	0xFF5
   485                           prodh	equ	0xFF4
   486                           prodl	equ	0xFF3
   487                           intcon	equ	0xFF2
   488                           intcon2	equ	0xFF1
   489                           fsr0h	equ	0xFEA
   490                           fsr0l	equ	0xFE9
   491                           fsr1h	equ	0xFE2
   492                           fsr1l	equ	0xFE1
   493                           fsr2h	equ	0xFDA
   494                           fsr2l	equ	0xFD9
   495                           status	equ	0xFD8


Data Sizes:
    Strings     0
    Constant    0
    Data        0
    BSS         2
    Persistent  0
    Stack       0

Auto Spaces:
    Space          Size  Autos    Used
    COMRAM           94     14      16
    BANK0           160      0       0
    BANK1           256      0       0
    BANK2           256      0       0
    BANK3           256      0       0
    BANK4           256      0       0
    BANK5           256      0       0
    BANK6           256      0       0
    BANK7           256      0       0

Pointer List with Targets:

    None.

Critical Paths under _main in COMRAM

    None.

Critical Paths under _LowInterrupt in COMRAM

    None.

Critical Paths under _main in BANK0

    None.

Critical Paths under _LowInterrupt in BANK0

    None.

Critical Paths under _main in BANK1

    None.

Critical Paths under _LowInterrupt in BANK1

    None.

Critical Paths under _main in BANK2

    None.

Critical Paths under _LowInterrupt in BANK2

    None.

Critical Paths under _main in BANK3

    None.

Critical Paths under _LowInterrupt in BANK3

    None.

Critical Paths under _main in BANK4

    None.

Critical Paths under _LowInterrupt in BANK4

    None.

Critical Paths under _main in BANK5

    None.

Critical Paths under _LowInterrupt in BANK5

    None.

Critical Paths under _main in BANK6

    None.

Critical Paths under _LowInterrupt in BANK6

    None.

Critical Paths under _main in BANK7

    None.

Critical Paths under _LowInterrupt in BANK7

    None.

Call Graph Tables:

 ---------------------------------------------------------------------------------
 (Depth) Function   	        Calls       Base Space   Used Autos Params    Refs
 ---------------------------------------------------------------------------------
 (0) _main                                                 0     0      0       0
                         _configTMR0
 ---------------------------------------------------------------------------------
 (1) _configTMR0                                           0     0      0       0
 ---------------------------------------------------------------------------------
 Estimated maximum stack depth 1
 ---------------------------------------------------------------------------------
 (Depth) Function   	        Calls       Base Space   Used Autos Params    Refs
 ---------------------------------------------------------------------------------
 (2) _LowInterrupt                                        14    14      0       0
                                              0 COMRAM    14    14      0
                    _timer0Interrupt
 ---------------------------------------------------------------------------------
 (3) _timer0Interrupt                                      0     0      0       0
 ---------------------------------------------------------------------------------
 Estimated maximum stack depth 3
 ---------------------------------------------------------------------------------

 Call Graph Graphs:

 _main (ROOT)
   _configTMR0

 _LowInterrupt (ROOT)
   _timer0Interrupt

 Address spaces:
Name               Size   Autos  Total    Cost      Usage
BIGRAM             7FF      0       0      21        0.0%
EEDATA             100      0       0       0        0.0%
BITBANK7           100      0       0      18        0.0%
BANK7              100      0       0      19        0.0%
BITBANK6           100      0       0      16        0.0%
BANK6              100      0       0      17        0.0%
BITBANK5           100      0       0      14        0.0%
BANK5              100      0       0      15        0.0%
BITBANK4           100      0       0      12        0.0%
BANK4              100      0       0      13        0.0%
BITBANK3           100      0       0      10        0.0%
BANK3              100      0       0      11        0.0%
BITBANK2           100      0       0       8        0.0%
BANK2              100      0       0       9        0.0%
BITBANK1           100      0       0       6        0.0%
BANK1              100      0       0       7        0.0%
BITBANK0            A0      0       0       4        0.0%
BANK0               A0      0       0       5        0.0%
BITCOMRAM           5E      0       0       0        0.0%
COMRAM              5E      E      10       1       17.0%
BITSFR               0      0       0     200        0.0%
SFR                  0      0       0     200        0.0%
STACK                0      0       0       2        0.0%
NULL                 0      0       0       0        0.0%
ABS                  0      0      10      20        0.0%
DATA                 0      0      10       3        0.0%
CODE                 0      0       0       0        0.0%


Microchip Technology PIC18 Macro Assembler V1.42 build -159332390 
Symbol Table                                                                                   Thu Jul 20 01:09:10 2017

         _timer0Interrupt 008C                        l51 00E0               __CFG_BOR$ON 000000  
             __CFG_BORV$3 000000              __CFG_CP0$OFF 000000              __CFG_CP1$OFF 000000  
            __CFG_CP2$OFF 000000              __CFG_CP3$OFF 000000               __CFG_LVP$ON 000000  
            __CFG_CPB$OFF 000000                       _RD7 007C1F              __CFG_CPD$OFF 000000  
                     _PSA 007EAB              __CFG_FOSC$HS 000000              __CFG_WDT$OFF 000000  
                    _T0CS 007EAD                      i2l33 00AC              __CFG_PWRT$ON 000000  
                    _main 00D2                      fsr0h 000FEA                      fsr1h 000FE2  
                    fsr2h 000FDA                      fsr0l 000FE9                      fsr1l 000FE1  
                    fsr2l 000FD9                      btemp 0011                      prodh 000FF4  
                    prodl 000FF3                      start 000E             __CFG_IESO$OFF 000000  
           __CFG_MCLRE$ON 000000              ___param_bank 000000             __CFG_PLLDIV$1 000000  
          __CFG_CCP2MX$ON 000000                     ?_main 0001                     _T0PS0 007EA8  
                   _T0PS1 007EA9                     _T0PS2 007EAA                     _TMR0L 000FD6  
           __CFG_USBDIV$1 000000             __CFG_WRT0$OFF 000000             __CFG_WRT1$OFF 000000  
           __CFG_WRT2$OFF 000000             __CFG_WRT3$OFF 000000            __CFG_EBTR0$OFF 000000  
          __CFG_FCMEN$OFF 000000            __CFG_EBTR1$OFF 000000            __CFG_EBTR2$OFF 000000  
          __CFG_EBTR3$OFF 000000             __CFG_WRTB$OFF 000000             __CFG_WRTC$OFF 000000  
           __CFG_WRTD$OFF 000000            __CFG_EBTRB$OFF 000000                     pclath 000FFA  
                   tablat 000FF5                     status 000FD8            __CFG_ICPRT$OFF 000000  
 __end_of_timer0Interrupt 00B8           __initialization 00E2              __end_of_main 00E2  
                  ??_main 000F             __activetblptr 000000                    _ADCON1 000FC1  
                  _T08BIT 007EAE                    _TMR0IE 007F95                    _TMR0IF 007F92  
                  _TMR0IP 007F8A                    _TMR0ON 007EAF                    i2u3_40 00AA  
                  _TRISD7 007CAF            __CFG_XINST$OFF 000000             ?_LowInterrupt 0001  
          __CFG_STVREN$ON 000000                    tblptrh 000FF7                    tblptrl 000FF6  
                  tblptru 000FF8                __accesstop 0060   __end_of__initialization 00E6  
         __CFG_PBADEN$OFF 000000             ___rparam_used 000001          ?_timer0Interrupt 0001  
          ??_LowInterrupt 0001            __pcstackCOMRAM 0001                _configTMR0 00B8  
         __CFG_VREGEN$OFF 000000                   __Hparam 0000                   __Lparam 0000  
                 __pcinit 00E2                   __ramtop 0800                   __ptext0 00D2  
                 __ptext1 00B8                   __ptext3 008C      __end_of_LowInterrupt 008C  
          __pintcode_body 0012      end_of_initialization 00E6                   int_func 0012  
             ?_configTMR0 0001       start_initialization 00E2       __size_of_configTMR0 001A  
        __CFG_LPT1OSC$OFF 000000  __size_of_timer0Interrupt 002C     __size_of_LowInterrupt 0084  
             __pbssCOMRAM 000F              _LowInterrupt 0008                 __pintcode 0008  
        __CFG_WDTPS$32768 000000             _timer0Counter 000F              ??_configTMR0 000F  
       ??_timer0Interrupt 0001                  __Hrparam 0000                  __Lrparam 0000  
      __end_of_configTMR0 00D2             __size_of_main 0010                  int$flags 0011  
   __CFG_CPUDIV$OSC1_PLL2 000000                _INTCONbits 000FF2                  intlevel2 0000  
