

Microchip Technology PIC18 LITE Macro Assembler V1.42 build -159332390 
                                                                                               Thu Jul 20 00:55:17 2017

Microchip Technology Omniscient Code Generator v1.42 (Free mode) build 201704130522
     1                           	processor	18F4550
     2                           	fnconf	rparam,??,?,0
     3                           	opt	pw 120
     4                           	opt	lm
     5                           	psect	cinit,global,reloc=2,class=CODE,delta=1
     6                           	psect	cstackCOMRAM,global,class=COMRAM,space=1,delta=1,noexec
     7                           	psect	text0,global,reloc=2,class=CODE,delta=1
     8                           	psect	text1,global,reloc=2,class=CODE,delta=1
     9                           	psect	intsave_regs,global,class=BIGRAM,space=1,delta=1,noexec
    10                           	psect	rparam,global,class=COMRAM,space=1,delta=1,noexec
    11  0000                     
    12                           ; Version 1.42
    13                           ; Generated 13/04/2017 GMT
    14                           ; 
    15                           ; Copyright © 2017, Microchip Technology Inc. and its subsidiaries ("Microchip")
    16                           ; All rights reserved.
    17                           ; 
    18                           ; This software is developed by Microchip Technology Inc. and its subsidiaries ("Microch
      +                          ip").
    19                           ; 
    20                           ; Redistribution and use in source and binary forms, with or without modification, are
    21                           ; permitted provided that the following conditions are met:
    22                           ; 
    23                           ;     1. Redistributions of source code must retain the above copyright notice, this lis
      +                          t of
    24                           ;        conditions and the following disclaimer.
    25                           ; 
    26                           ;     2. Redistributions in binary form must reproduce the above copyright notice, this 
      +                          list
    27                           ;        of conditions and the following disclaimer in the documentation and/or other
    28                           ;        materials provided with the distribution.
    29                           ; 
    30                           ;     3. Microchip's name may not be used to endorse or promote products derived from th
      +                          is
    31                           ;        software without specific prior written permission.
    32                           ; 
    33                           ; THIS SOFTWARE IS PROVIDED BY MICROCHIP "AS IS" AND ANY EXPRESS OR IMPLIED WARRANTIES,
    34                           ; INCLUDING, BUT NOT LIMITED TO, THE IMPLIED WARRANTIES OF MERCHANTABILITY AND FITNESS F
      +                          OR
    35                           ; PURPOSE ARE DISCLAIMED.  IN NO EVENT SHALL MICROCHIP BE LIABLE FOR ANY DIRECT, INDIREC
      +                          T,
    36                           ; INCIDENTAL, SPECIAL, EXEMPLARY, OR CONSEQUENTIAL DAMAGES (INCLUDING BUT NOT LIMITED TO
    37                           ; PROCUREMENT OF SUBSTITUTE GOODS OR SERVICES; LOSS OF USE, DATA OR PROFITS; OR BUSINESS
    38                           ; INTERRUPTION) HOWSOEVER CAUSED AND ON ANY THEORY OF LIABILITY, WHETHER IN CONTRACT, ST
      +                          RICT
    39                           ; LIABILITY, OR TORT (INCLUDING NEGLIGENCE OR OTHERWISE) ARISING IN ANY WAY OUT OF THE U
      +                          SE OF
    40                           ; THIS SOFTWARE, EVEN IF ADVISED OF THE POSSIBILITY OF SUCH DAMAGE.
    41                           ; 
    42                           ; 
    43                           ; Code-generator required, PIC18F4550 Definitions
    44                           ; 
    45                           ; SFR Addresses
    46  0000                     _ADCON1	set	4033
    47  0000                     _CCP1CONbits	set	4029
    48  0000                     _CCPR1L	set	4030
    49  0000                     _PR2	set	4043
    50  0000                     _CCP1M2	set	32234
    51  0000                     _CCP1M3	set	32235
    52  0000                     _TMR2ON	set	32338
    53  0000                     _TMR2IP	set	31993
    54  0000                     _T2CKPS1	set	32337
    55  0000                     _T2CKPS0	set	32336
    56  0000                     _TRISC2	set	31906
    57                           
    58                           ; #config settings
    59  0000                     
    60                           	psect	cinit
    61  007FC0                     __pcinit:
    62                           	opt stack 0
    63  007FC0                     start_initialization:
    64                           	opt stack 0
    65  007FC0                     __initialization:
    66                           	opt stack 0
    67  007FC0                     end_of_initialization:
    68                           	opt stack 0
    69  007FC0                     __end_of__initialization:
    70                           	opt stack 0
    71  007FC0  0100               	movlb	0
    72  007FC2  EFEE  F03F         	goto	_main	;jump to C main() function
    73                           
    74                           	psect	cstackCOMRAM
    75  000001                     __pcstackCOMRAM:
    76                           	opt stack 0
    77  000001                     ??_main:
    78                           
    79                           ; 1 bytes @ 0x0
    80  000001                     	ds	2
    81                           
    82 ;;
    83 ;;Main: autosize = 0, tempsize = 2, incstack = 0, save=0
    84 ;;
    85 ;; *************** function _main *****************
    86 ;; Defined at:
    87 ;;		line 13 in file "main.c"
    88 ;; Parameters:    Size  Location     Type
    89 ;;		None
    90 ;; Auto vars:     Size  Location     Type
    91 ;;		None
    92 ;; Return value:  Size  Location     Type
    93 ;;                  1    wreg      void 
    94 ;; Registers used:
    95 ;;		wreg, status,2, status,0, cstack
    96 ;; Tracked objects:
    97 ;;		On entry : 0/0
    98 ;;		On exit  : 0/0
    99 ;;		Unchanged: 0/0
   100 ;; Data sizes:     COMRAM   BANK0   BANK1   BANK2   BANK3   BANK4   BANK5   BANK6   BANK7
   101 ;;      Params:         0       0       0       0       0       0       0       0       0
   102 ;;      Locals:         0       0       0       0       0       0       0       0       0
   103 ;;      Temps:          2       0       0       0       0       0       0       0       0
   104 ;;      Totals:         2       0       0       0       0       0       0       0       0
   105 ;;Total ram usage:        2 bytes
   106 ;; Hardware stack levels required when called:    1
   107 ;; This function calls:
   108 ;;		_configPWM
   109 ;; This function is called by:
   110 ;;		Startup code after reset
   111 ;; This function uses a non-reentrant model
   112 ;;
   113                           
   114                           	psect	text0
   115  007FDC                     __ptext0:
   116                           	opt stack 0
   117  007FDC                     _main:
   118                           	opt stack 30
   119                           
   120                           ;main.c: 16: configPWM();
   121                           
   122                           ;incstack = 0
   123  007FDC  ECE3  F03F         	call	_configPWM	;wreg free
   124                           
   125                           ;main.c: 18: ADCON1 = 0x0F;
   126  007FE0  0E0F               	movlw	15
   127  007FE2  6EC1               	movwf	4033,c	;volatile
   128  007FE4                     l704:
   129                           
   130                           ;main.c: 21: _delay((unsigned long)((100)*(16000000/4000.0)));
   131  007FE4  0E03               	movlw	3
   132  007FE6  6E02               	movwf	(??_main+1)& (0+255),c
   133  007FE8  0E08               	movlw	8
   134  007FEA  6E01               	movwf	??_main& (0+255),c
   135  007FEC  0E77               	movlw	119
   136  007FEE                     u37:
   137  007FEE  2EE8               	decfsz	wreg,f,c
   138  007FF0  D7FE               	bra	u37
   139  007FF2  2E01               	decfsz	??_main& (0+255),f,c
   140  007FF4  D7FC               	bra	u37
   141  007FF6  2E02               	decfsz	(??_main+1)& (0+255),f,c
   142  007FF8  D7FA               	bra	u37
   143  007FFA  F000               	nop	
   144                           
   145                           ;main.c: 22: CCPR1L++;
   146  007FFC  2ABE               	incf	4030,f,c	;volatile
   147  007FFE  D7F2               	goto	l704
   148  008000                     __end_of_main:
   149                           	opt stack 0
   150                           wreg	equ	0xFE8
   151                           
   152 ;; *************** function _configPWM *****************
   153 ;; Defined at:
   154 ;;		line 13 in file "PWM.h"
   155 ;; Parameters:    Size  Location     Type
   156 ;;		None
   157 ;; Auto vars:     Size  Location     Type
   158 ;;		None
   159 ;; Return value:  Size  Location     Type
   160 ;;                  1    wreg      void 
   161 ;; Registers used:
   162 ;;		wreg, status,2
   163 ;; Tracked objects:
   164 ;;		On entry : 0/0
   165 ;;		On exit  : 0/0
   166 ;;		Unchanged: 0/0
   167 ;; Data sizes:     COMRAM   BANK0   BANK1   BANK2   BANK3   BANK4   BANK5   BANK6   BANK7
   168 ;;      Params:         0       0       0       0       0       0       0       0       0
   169 ;;      Locals:         0       0       0       0       0       0       0       0       0
   170 ;;      Temps:          0       0       0       0       0       0       0       0       0
   171 ;;      Totals:         0       0       0       0       0       0       0       0       0
   172 ;;Total ram usage:        0 bytes
   173 ;; Hardware stack levels used:    1
   174 ;; This function calls:
   175 ;;		Nothing
   176 ;; This function is called by:
   177 ;;		_main
   178 ;; This function uses a non-reentrant model
   179 ;;
   180                           
   181                           	psect	text1
   182  007FC6                     __ptext1:
   183                           	opt stack 0
   184  007FC6                     _configPWM:
   185                           	opt stack 30
   186                           
   187                           ;PWM.h: 14: PR2 = 255;
   188                           
   189                           ;incstack = 0
   190  007FC6  68CB               	setf	4043,c	;volatile
   191                           
   192                           ;PWM.h: 15: CCPR1L = 0;
   193  007FC8  0E00               	movlw	0
   194  007FCA  6EBE               	movwf	4030,c	;volatile
   195                           
   196                           ;PWM.h: 17: TRISC2 = 0;
   197  007FCC  9494               	bcf	3988,2,c	;volatile
   198                           
   199                           ;PWM.h: 20: T2CKPS0 = 0;
   200  007FCE  90CA               	bcf	4042,0,c	;volatile
   201                           
   202                           ;PWM.h: 21: T2CKPS1 = 0;
   203  007FD0  92CA               	bcf	4042,1,c	;volatile
   204                           
   205                           ;PWM.h: 22: TMR2IP = 0;
   206  007FD2  929F               	bcf	3999,1,c	;volatile
   207                           
   208                           ;PWM.h: 23: TMR2ON = 1;
   209  007FD4  84CA               	bsf	4042,2,c	;volatile
   210                           
   211                           ;PWM.h: 27: CCP1M3 = 1;
   212  007FD6  86BD               	bsf	4029,3,c	;volatile
   213                           
   214                           ;PWM.h: 28: CCP1M2 = 1;
   215  007FD8  84BD               	bsf	4029,2,c	;volatile
   216  007FDA  0012               	return		;funcret
   217  007FDC                     __end_of_configPWM:
   218                           	opt stack 0
   219  0000                     wreg	equ	0xFE8
   220                           wreg	equ	0xFE8
   221                           
   222                           	psect	rparam
   223  0000                     wreg	equ	0xFE8


Data Sizes:
    Strings     0
    Constant    0
    Data        0
    BSS         0
    Persistent  0
    Stack       0

Auto Spaces:
    Space          Size  Autos    Used
    COMRAM           95      2       2
    BANK0           160      0       0
    BANK1           256      0       0
    BANK2           256      0       0
    BANK3           256      0       0
    BANK4           256      0       0
    BANK5           256      0       0
    BANK6           256      0       0
    BANK7           256      0       0

Pointer List with Targets:

    None.

Critical Paths under _main in COMRAM

    None.

Critical Paths under _main in BANK0

    None.

Critical Paths under _main in BANK1

    None.

Critical Paths under _main in BANK2

    None.

Critical Paths under _main in BANK3

    None.

Critical Paths under _main in BANK4

    None.

Critical Paths under _main in BANK5

    None.

Critical Paths under _main in BANK6

    None.

Critical Paths under _main in BANK7

    None.

Call Graph Tables:

 ---------------------------------------------------------------------------------
 (Depth) Function   	        Calls       Base Space   Used Autos Params    Refs
 ---------------------------------------------------------------------------------
 (0) _main                                                 2     2      0       0
                                              0 COMRAM     2     2      0
                          _configPWM
 ---------------------------------------------------------------------------------
 (1) _configPWM                                            0     0      0       0
 ---------------------------------------------------------------------------------
 Estimated maximum stack depth 1
 ---------------------------------------------------------------------------------

 Call Graph Graphs:

 _main (ROOT)
   _configPWM

 Address spaces:
Name               Size   Autos  Total    Cost      Usage
BITCOMRAM           5F      0       0       0        0.0%
EEDATA             100      0       0       0        0.0%
NULL                 0      0       0       0        0.0%
CODE                 0      0       0       0        0.0%
COMRAM              5F      2       2       1        2.1%
STACK                0      0       0       2        0.0%
DATA                 0      0       0       3        0.0%
BITBANK0            A0      0       0       4        0.0%
BANK0               A0      0       0       5        0.0%
BITBANK1           100      0       0       6        0.0%
BANK1              100      0       0       7        0.0%
BITBANK2           100      0       0       8        0.0%
BANK2              100      0       0       9        0.0%
BITBANK3           100      0       0      10        0.0%
BANK3              100      0       0      11        0.0%
BITBANK4           100      0       0      12        0.0%
BANK4              100      0       0      13        0.0%
BITBANK5           100      0       0      14        0.0%
BANK5              100      0       0      15        0.0%
BITBANK6           100      0       0      16        0.0%
BANK6              100      0       0      17        0.0%
BITBANK7           100      0       0      18        0.0%
BANK7              100      0       0      19        0.0%
ABS                  0      0       0      20        0.0%
BIGRAM             7FF      0       0      21        0.0%
BITSFR               0      0       0     200        0.0%
SFR                  0      0       0     200        0.0%


Microchip Technology PIC18 Macro Assembler V1.42 build -159332390 
Symbol Table                                                                                   Thu Jul 20 00:55:17 2017

                     u37 7FEE              __CFG_BOR$ON 000000              __CFG_BORV$3 000000  
           __CFG_CP0$OFF 000000             __CFG_CP1$OFF 000000             __CFG_CP2$OFF 000000  
           __CFG_CP3$OFF 000000              __CFG_LVP$ON 000000                      l704 7FE4  
           __CFG_CPB$OFF 000000                      _PR2 000FCB             __CFG_CPD$OFF 000000  
                    wreg 000FE8             __CFG_FOSC$HS 000000             __CFG_WDT$OFF 000000  
           __CFG_PWRT$ON 000000                     _main 7FDC                     start 0000  
          __CFG_IESO$OFF 000000            __CFG_MCLRE$ON 000000             ___param_bank 000000  
          __CFG_PLLDIV$1 000000           __CFG_CCP2MX$ON 000000                    ?_main 0001  
          __CFG_USBDIV$1 000000            __CFG_WRT0$OFF 000000            __CFG_WRT1$OFF 000000  
          __CFG_WRT2$OFF 000000            __CFG_WRT3$OFF 000000           __CFG_EBTR0$OFF 000000  
         __CFG_FCMEN$OFF 000000           __CFG_EBTR1$OFF 000000           __CFG_EBTR2$OFF 000000  
         __CFG_EBTR3$OFF 000000            __CFG_WRTB$OFF 000000            __CFG_WRTC$OFF 000000  
          __CFG_WRTD$OFF 000000           __CFG_EBTRB$OFF 000000           __CFG_ICPRT$OFF 000000  
        __initialization 7FC0             __end_of_main 8000                   ??_main 0001  
          __activetblptr 000000                   _ADCON1 000FC1                   _CCP1M2 007DEA  
                 _CCP1M3 007DEB                   _CCPR1L 000FBE                   _TMR2IP 007CF9  
                 _TMR2ON 007E52                   _TRISC2 007CA2           __CFG_XINST$OFF 000000  
         __CFG_STVREN$ON 000000               __accesstop 0060  __end_of__initialization 7FC0  
        __CFG_PBADEN$OFF 000000            ___rparam_used 000001           __pcstackCOMRAM 0001  
     __size_of_configPWM 0016                  _T2CKPS0 007E50                  _T2CKPS1 007E51  
        __CFG_VREGEN$OFF 000000                  __Hparam 0000                  __Lparam 0000  
      __end_of_configPWM 7FDC                  __pcinit 7FC0                  __ramtop 0800  
                __ptext0 7FDC                  __ptext1 7FC6     end_of_initialization 7FC0  
            _CCP1CONbits 000FBD      start_initialization 7FC0         __CFG_LPT1OSC$OFF 000000  
              _configPWM 7FC6         __CFG_WDTPS$32768 000000               ?_configPWM 0001  
               __Hrparam 0000                 __Lrparam 0000            __size_of_main 0024  
            ??_configPWM 0001    __CFG_CPUDIV$OSC1_PLL2 000000  
